#
# A fatal error has been detected by the Java Runtime Environment:
#
#  SIGBUS (0xa) at pc=0x000000010a55a0b7, pid=91165, tid=3331
#
# JRE version: Java(TM) SE Runtime Environment (7.0_71-b14) (build 1.7.0_71-b14)
# Java VM: Java HotSpot(TM) 64-Bit Server VM (24.71-b01 mixed mode bsd-amd64 compressed oops)
# Problematic frame:
# C  [libzip.dylib+0x30b7]  newEntry+0x154
#
# Failed to write core dump. Core dumps have been disabled. To enable core dumping, try "ulimit -c unlimited" before starting Java again
#
# If you would like to submit a bug report, please visit:
#   http://bugreport.sun.com/bugreport/crash.jsp
# The crash happened outside the Java Virtual Machine in native code.
# See problematic frame for where to report the bug.
#

---------------  T H R E A D  ---------------

Current thread (0x00007fc3e5000000):  JavaThread "main" [_thread_in_native, id=3331, stack(0x000000010a40e000,0x000000010a50e000)]

siginfo:si_signo=SIGBUS: si_errno=0, si_code=2 (BUS_ADRERR), si_addr=0x000000010d67fadb

Registers:
RAX=0x00007fc3e3729ef0, RBX=0x000000010d67facf, RCX=0x0000000000000001, RDX=0x0000000000000508
RSP=0x000000010a50c380, RBP=0x000000010a50c3e0, RSI=0x00007fc3e3700000, RDI=0x00000001098ce800
R8 =0x0000000000000004, R9 =0x00000000fff80000, R10=0x000000010a6e3018, R11=0xffffffffa0bf25a6
R12=0x0000000000000020, R13=0x00007fc3e36351f0, R14=0x00007fc3e3729ef0, R15=0x00007fc3e3650450
RIP=0x000000010a55a0b7, EFLAGS=0x0000000000010206, ERR=0x0000000000000004
  TRAPNO=0x000000000000000e

Top of Stack: (sp=0x000000010a50c380)
0x000000010a50c380:   00000001699195c8 000000000a50c388
0x000000010a50c390:   000000010dc5cdd9 000000010a50c3e0
0x000000010a50c3a0:   000000010a50c3c0 00007fc3e3729ef0
0x000000010a50c3b0:   00007fc3e37526e0 000000004eecb6d3
0x000000010a50c3c0:   0000000000000020 00007fc3e36351f0
0x000000010a50c3d0:   00007fc3e3729ef0 00007fc3e3650450
0x000000010a50c3e0:   000000010a50c430 000000010a55a725
0x000000010a50c3f0:   0000000000000010 00000000e5000000
0x000000010a50c400:   000000010a50c44e 000000010a50c898
0x000000010a50c410:   0000000000000010 000000010a50c44e
0x000000010a50c420:   00007fc3e3729ef0 00007fc3e50001e8
0x000000010a50c430:   000000010a50c880 000000010a559570
0x000000010a50c440:   000000010a50c488 6f64000100000000
0x000000010a50c450:   612f73706f725063 00006c6d782e7070
0x000000010a50c460:   0000000000000000 000000010a50c480
0x000000010a50c470:   000000010a50c4d0 000000010a566058
0x000000010a50c480:   00000001699199f0 0000000169919a18
0x000000010a50c490:   000000010a50c490 000000010dc5dcba
0x000000010a50c4a0:   000000010a50c4e8 0000000198319a11
0x000000010a50c4b0:   000000010a50c500 00007fc3e37006e0
0x000000010a50c4c0:   00007fc3e37006d0 0000000000000001
0x000000010a50c4d0:   00007fc3e37006e8 00007fc3e37006c8
0x000000010a50c4e0:   000000010a50c560 0000000109d4dcfd
0x000000010a50c4f0:   0000000198354790 000000010dff5f88
0x000000010a50c500:   000000010a50c530 00007fc3e5000000
0x000000010a50c510:   000000010a50c528 00007fc3e5000000
0x000000010a50c520:   00007fc3e37006c8 000000010a50c890
0x000000010a50c530:   000000010a50c560 00007fc3e37006c8
0x000000010a50c540:   00007fc3e37006f0 00007fc3e5000000
0x000000010a50c550:   0000000198319a10 00007fc3e37006c8
0x000000010a50c560:   000000010a50c740 0000000109d4eb53
0x000000010a50c570:   000000000000006c 0000000000817fe2 

Instructions: (pc=0x000000010a55a0b7)
0x000000010a55a097:   49 8b 7f 38 e8 9c 1a 00 00 4d 89 77 38 49 89 5f
0x000000010a55a0a7:   40 4c 89 f0 48 85 c0 0f 84 16 05 00 00 48 89 c3
0x000000010a55a0b7:   0f b6 43 0c 0f b6 4b 0d 48 c1 e1 08 48 01 c1 0f
0x000000010a55a0c7:   b6 43 0e 0f b6 53 0f 48 c1 e2 08 48 01 c2 48 c1 

Register to memory mapping:

RAX=0x00007fc3e3729ef0 is an unknown value
RBX=0x000000010d67facf is an unknown value
RCX=0x0000000000000001 is an unknown value
RDX=0x0000000000000508 is an unknown value
RSP=0x000000010a50c380 is pointing into the stack for thread: 0x00007fc3e5000000
RBP=0x000000010a50c3e0 is pointing into the stack for thread: 0x00007fc3e5000000
RSI=0x00007fc3e3700000 is an unknown value
RDI=0x00000001098ce800 is an unknown value
R8 =0x0000000000000004 is an unknown value
R9 =0x00000000fff80000 is an unknown value
R10=0x000000010a6e3018 is at entry_point+88 in (nmethod*)0x000000010a6e2e50
R11=0xffffffffa0bf25a6 is an unknown value
R12=0x0000000000000020 is an unknown value
R13=0x00007fc3e36351f0 is an unknown value
R14=0x00007fc3e3729ef0 is an unknown value
R15=0x00007fc3e3650450 is an unknown value


Stack: [0x000000010a40e000,0x000000010a50e000],  sp=0x000000010a50c380,  free space=1016k
Native frames: (J=compiled Java code, j=interpreted, Vv=VM code, C=native code)
C  [libzip.dylib+0x30b7]  newEntry+0x154
C  [libzip.dylib+0x3725]  ZIP_GetEntry+0xa2
C  [libzip.dylib+0x2570]  Java_java_util_zip_ZipFile_getEntry+0xdd
J 59  java.util.zip.ZipFile.getEntry(J[BZ)J (0 bytes) @ 0x000000010a6e308e [0x000000010a6e2fc0+0xce]
j  java.util.zip.ZipFile.getInputStream(Ljava/util/zip/ZipEntry;)Ljava/io/InputStream;+88
j  org.apache.poi.openxml4j.util.ZipFileZipEntrySource.getInputStream(Ljava/util/zip/ZipEntry;)Ljava/io/InputStream;+22
j  org.apache.poi.openxml4j.opc.ZipPackagePart.getInputStreamImpl()Ljava/io/InputStream;+14
j  org.apache.poi.openxml4j.opc.PackagePart.getInputStream()Ljava/io/InputStream;+1
j  org.apache.poi.POIXMLProperties.<init>(Lorg/apache/poi/openxml4j/opc/OPCPackage;)V+69
j  org.apache.poi.POIXMLDocument.getProperties()Lorg/apache/poi/POIXMLProperties;+16
j  org.apache.poi.POIXMLDocument.write(Ljava/io/OutputStream;)V+20
j  org.apache.poi.ss.usermodel.Workbook$write$0.call(Ljava/lang/Object;[Ljava/lang/Object;)Ljava/lang/Object;+19
j  org.codehaus.groovy.runtime.callsite.CallSiteArray.defaultCall(Lorg/codehaus/groovy/runtime/callsite/CallSite;Ljava/lang/Object;[Ljava/lang/Object;)Ljava/lang/Object;+8
j  org.codehaus.groovy.runtime.callsite.AbstractCallSite.call(Ljava/lang/Object;[Ljava/lang/Object;)Ljava/lang/Object;+3
j  org.codehaus.groovy.runtime.callsite.AbstractCallSite.call(Ljava/lang/Object;Ljava/lang/Object;)Ljava/lang/Object;+33
j  com.totalinlink.dsl.poi.wrappers.WorkBookWrapper.save()Ljava/lang/Object;+37
j  com.totalinlink.dsl.poi.wrappers.WorkBookWrapper$save.call(Ljava/lang/Object;[Ljava/lang/Object;)Ljava/lang/Object;+13
j  org.codehaus.groovy.runtime.callsite.CallSiteArray.defaultCall(Lorg/codehaus/groovy/runtime/callsite/CallSite;Ljava/lang/Object;[Ljava/lang/Object;)Ljava/lang/Object;+8
j  org.codehaus.groovy.runtime.callsite.AbstractCallSite.call(Ljava/lang/Object;[Ljava/lang/Object;)Ljava/lang/Object;+3
j  org.codehaus.groovy.runtime.callsite.AbstractCallSite.call(Ljava/lang/Object;)Ljava/lang/Object;+5
j  com.totalinlink.dsl.poi.WorkBookBuilder.save()Ljava/lang/Object;+12
j  com.totalinlink.dsl.poi.WorkBookBuilder$save.call(Ljava/lang/Object;[Ljava/lang/Object;)Ljava/lang/Object;+13
j  org.codehaus.groovy.runtime.callsite.CallSiteArray.defaultCall(Lorg/codehaus/groovy/runtime/callsite/CallSite;Ljava/lang/Object;[Ljava/lang/Object;)Ljava/lang/Object;+8
j  org.codehaus.groovy.runtime.callsite.AbstractCallSite.call(Ljava/lang/Object;[Ljava/lang/Object;)Ljava/lang/Object;+3
j  org.codehaus.groovy.runtime.callsite.AbstractCallSite.call(Ljava/lang/Object;)Ljava/lang/Object;+5
j  com.totalinlink.dsl.poi.TestSupport.main([Ljava/lang/String;)V+222
v  ~StubRoutines::call_stub
V  [libjvm.dylib+0x2db378]
V  [libjvm.dylib+0x2db148]
V  [libjvm.dylib+0x4661f8]
V  [libjvm.dylib+0x46665e]
V  [libjvm.dylib+0x327bab]
j  sun.reflect.NativeMethodAccessorImpl.invoke0(Ljava/lang/reflect/Method;Ljava/lang/Object;[Ljava/lang/Object;)Ljava/lang/Object;+0
j  sun.reflect.NativeMethodAccessorImpl.invoke(Ljava/lang/Object;[Ljava/lang/Object;)Ljava/lang/Object;+87
j  sun.reflect.DelegatingMethodAccessorImpl.invoke(Ljava/lang/Object;[Ljava/lang/Object;)Ljava/lang/Object;+6
j  java.lang.reflect.Method.invoke(Ljava/lang/Object;[Ljava/lang/Object;)Ljava/lang/Object;+57
j  com.intellij.rt.execution.application.AppMain.main([Ljava/lang/String;)V+157
v  ~StubRoutines::call_stub
V  [libjvm.dylib+0x2db378]
V  [libjvm.dylib+0x2db148]
V  [libjvm.dylib+0x30e9c2]
V  [libjvm.dylib+0x307b5d]
C  [java+0x30fe]  JavaMain+0x91d
C  [libsystem_pthread.dylib+0x3268]  _pthread_body+0x83
C  [libsystem_pthread.dylib+0x31e5]  _pthread_body+0x0
C  [libsystem_pthread.dylib+0x141d]  thread_start+0xd

Java frames: (J=compiled Java code, j=interpreted, Vv=VM code)
J 59  java.util.zip.ZipFile.getEntry(J[BZ)J (0 bytes) @ 0x000000010a6e3018 [0x000000010a6e2fc0+0x58]
j  java.util.zip.ZipFile.getInputStream(Ljava/util/zip/ZipEntry;)Ljava/io/InputStream;+88
j  org.apache.poi.openxml4j.util.ZipFileZipEntrySource.getInputStream(Ljava/util/zip/ZipEntry;)Ljava/io/InputStream;+22
j  org.apache.poi.openxml4j.opc.ZipPackagePart.getInputStreamImpl()Ljava/io/InputStream;+14
j  org.apache.poi.openxml4j.opc.PackagePart.getInputStream()Ljava/io/InputStream;+1
j  org.apache.poi.POIXMLProperties.<init>(Lorg/apache/poi/openxml4j/opc/OPCPackage;)V+69
j  org.apache.poi.POIXMLDocument.getProperties()Lorg/apache/poi/POIXMLProperties;+16
j  org.apache.poi.POIXMLDocument.write(Ljava/io/OutputStream;)V+20
j  org.apache.poi.ss.usermodel.Workbook$write$0.call(Ljava/lang/Object;[Ljava/lang/Object;)Ljava/lang/Object;+19
j  org.codehaus.groovy.runtime.callsite.CallSiteArray.defaultCall(Lorg/codehaus/groovy/runtime/callsite/CallSite;Ljava/lang/Object;[Ljava/lang/Object;)Ljava/lang/Object;+8
j  org.codehaus.groovy.runtime.callsite.AbstractCallSite.call(Ljava/lang/Object;[Ljava/lang/Object;)Ljava/lang/Object;+3
j  org.codehaus.groovy.runtime.callsite.AbstractCallSite.call(Ljava/lang/Object;Ljava/lang/Object;)Ljava/lang/Object;+33
j  com.totalinlink.dsl.poi.wrappers.WorkBookWrapper.save()Ljava/lang/Object;+37
j  com.totalinlink.dsl.poi.wrappers.WorkBookWrapper$save.call(Ljava/lang/Object;[Ljava/lang/Object;)Ljava/lang/Object;+13
j  org.codehaus.groovy.runtime.callsite.CallSiteArray.defaultCall(Lorg/codehaus/groovy/runtime/callsite/CallSite;Ljava/lang/Object;[Ljava/lang/Object;)Ljava/lang/Object;+8
j  org.codehaus.groovy.runtime.callsite.AbstractCallSite.call(Ljava/lang/Object;[Ljava/lang/Object;)Ljava/lang/Object;+3
j  org.codehaus.groovy.runtime.callsite.AbstractCallSite.call(Ljava/lang/Object;)Ljava/lang/Object;+5
j  com.totalinlink.dsl.poi.WorkBookBuilder.save()Ljava/lang/Object;+12
j  com.totalinlink.dsl.poi.WorkBookBuilder$save.call(Ljava/lang/Object;[Ljava/lang/Object;)Ljava/lang/Object;+13
j  org.codehaus.groovy.runtime.callsite.CallSiteArray.defaultCall(Lorg/codehaus/groovy/runtime/callsite/CallSite;Ljava/lang/Object;[Ljava/lang/Object;)Ljava/lang/Object;+8
j  org.codehaus.groovy.runtime.callsite.AbstractCallSite.call(Ljava/lang/Object;[Ljava/lang/Object;)Ljava/lang/Object;+3
j  org.codehaus.groovy.runtime.callsite.AbstractCallSite.call(Ljava/lang/Object;)Ljava/lang/Object;+5
j  com.totalinlink.dsl.poi.TestSupport.main([Ljava/lang/String;)V+222
v  ~StubRoutines::call_stub
j  sun.reflect.NativeMethodAccessorImpl.invoke0(Ljava/lang/reflect/Method;Ljava/lang/Object;[Ljava/lang/Object;)Ljava/lang/Object;+0
j  sun.reflect.NativeMethodAccessorImpl.invoke(Ljava/lang/Object;[Ljava/lang/Object;)Ljava/lang/Object;+87
j  sun.reflect.DelegatingMethodAccessorImpl.invoke(Ljava/lang/Object;[Ljava/lang/Object;)Ljava/lang/Object;+6
j  java.lang.reflect.Method.invoke(Ljava/lang/Object;[Ljava/lang/Object;)Ljava/lang/Object;+57
j  com.intellij.rt.execution.application.AppMain.main([Ljava/lang/String;)V+157
v  ~StubRoutines::call_stub

---------------  P R O C E S S  ---------------

Java Threads: ( => current thread )
  0x00007fc3e5009800 JavaThread "Monitor Ctrl-Break" daemon [_thread_in_native, id=18691, stack(0x000000019b9dd000,0x000000019badd000)]
  0x00007fc3e500f800 JavaThread "Service Thread" daemon [_thread_blocked, id=17667, stack(0x000000019b492000,0x000000019b592000)]
  0x00007fc3e402f800 JavaThread "C2 CompilerThread1" daemon [_thread_blocked, id=17155, stack(0x000000019b38f000,0x000000019b48f000)]
  0x00007fc3e402c000 JavaThread "C2 CompilerThread0" daemon [_thread_blocked, id=16643, stack(0x000000019b28c000,0x000000019b38c000)]
  0x00007fc3e480b800 JavaThread "Signal Dispatcher" daemon [_thread_blocked, id=16151, stack(0x000000019b189000,0x000000019b289000)]
  0x00007fc3e3830000 JavaThread "Finalizer" daemon [_thread_blocked, id=11011, stack(0x00000001997a2000,0x00000001998a2000)]
  0x00007fc3e382a000 JavaThread "Reference Handler" daemon [_thread_blocked, id=10499, stack(0x000000019969f000,0x000000019979f000)]
=>0x00007fc3e5000000 JavaThread "main" [_thread_in_native, id=3331, stack(0x000000010a40e000,0x000000010a50e000)]

Other Threads:
  0x00007fc3e402b000 VMThread [stack: 0x000000019959c000,0x000000019969c000] [id=9987]
  0x00007fc3e402c800 WatcherThread [stack: 0x000000019b595000,0x000000019b695000] [id=18179]

VM state:not at safepoint (normal execution)

VM Mutex/Monitor currently owned by a thread: None

Heap
 PSYoungGen      total 38912K, used 33410K [0x0000000167e00000, 0x000000016a900000, 0x0000000192900000)
  eden space 33792K, 83% used [0x0000000167e00000,0x00000001699a7970,0x0000000169f00000)
  from space 5120K, 99% used [0x0000000169f00000,0x000000016a3f8f80,0x000000016a400000)
  to   space 5120K, 0% used [0x000000016a400000,0x000000016a400000,0x000000016a900000)
 ParOldGen       total 87040K, used 1035K [0x0000000112900000, 0x0000000117e00000, 0x0000000167e00000)
  object space 87040K, 1% used [0x0000000112900000,0x0000000112a02ec8,0x0000000117e00000)
 PSPermGen       total 21504K, used 16835K [0x000000010d700000, 0x000000010ec00000, 0x0000000112900000)
  object space 21504K, 78% used [0x000000010d700000,0x000000010e770f50,0x000000010ec00000)

Card table byte_map: [0x0000000192900000,0x0000000192d2a000] byte_map_base: 0x0000000192094800

Polling page: 0x000000010a54d000

Code Cache  [0x000000010a560000, 0x000000010a7d0000, 0x000000010d560000)
 total_blobs=682 nmethods=139 adapters=497 free_code_cache=47368Kb largest_free_block=48470464

Compilation events (10 events):
Event: 3.127 Thread 0x00007fc3e402f800  135             groovyjarjarasm.asm.ByteVector::putUTF8 (142 bytes)
Event: 3.129 Thread 0x00007fc3e402c000  136             java.util.HashMap::createEntry (39 bytes)
Event: 3.130 Thread 0x00007fc3e402c000 nmethod 136 0x000000010a7198d0 code [0x000000010a719a20, 0x000000010a719bf8]
Event: 3.132 Thread 0x00007fc3e402c000  137   !         java.net.URI::encode (142 bytes)
Event: 3.132 Thread 0x00007fc3e402f800 nmethod 135 0x000000010a717c10 code [0x000000010a717d80, 0x000000010a718278]
Event: 3.135 Thread 0x00007fc3e402c000 nmethod 137 0x000000010a71e4d0 code [0x000000010a71e620, 0x000000010a71e838]
Event: 3.228 Thread 0x00007fc3e402f800  138 %           org.apache.poi.xssf.model.StylesTable::writeTo @ 46 (747 bytes)
Event: 3.266 Thread 0x00007fc3e402f800 nmethod 138% 0x000000010a723190 code [0x000000010a723520, 0x000000010a724890]
Event: 3.273 Thread 0x00007fc3e402c000  139             sun.misc.ASCIICaseInsensitiveComparator::compare (126 bytes)
Event: 3.275 Thread 0x00007fc3e402c000 nmethod 139 0x000000010a71dd50 code [0x000000010a71dec0, 0x000000010a71e178]

GC Heap History (2 events):
Event: 1.960 GC heap before
{Heap before GC invocations=1 (full 0):
 PSYoungGen      total 38912K, used 33792K [0x0000000167e00000, 0x000000016a900000, 0x0000000192900000)
  eden space 33792K, 100% used [0x0000000167e00000,0x0000000169f00000,0x0000000169f00000)
  from space 5120K, 0% used [0x000000016a400000,0x000000016a400000,0x000000016a900000)
  to   space 5120K, 0% used [0x0000000169f00000,0x0000000169f00000,0x000000016a400000)
 ParOldGen       total 87040K, used 0K [0x0000000112900000, 0x0000000117e00000, 0x0000000167e00000)
  object space 87040K, 0% used [0x0000000112900000,0x0000000112900000,0x0000000117e00000)
 PSPermGen       total 21504K, used 12213K [0x000000010d700000, 0x000000010ec00000, 0x0000000112900000)
  object space 21504K, 56% used [0x000000010d700000,0x000000010e2ed428,0x000000010ec00000)
Event: 1.975 GC heap after
Heap after GC invocations=1 (full 0):
 PSYoungGen      total 38912K, used 5091K [0x0000000167e00000, 0x000000016a900000, 0x0000000192900000)
  eden space 33792K, 0% used [0x0000000167e00000,0x0000000167e00000,0x0000000169f00000)
  from space 5120K, 99% used [0x0000000169f00000,0x000000016a3f8f80,0x000000016a400000)
  to   space 5120K, 0% used [0x000000016a400000,0x000000016a400000,0x000000016a900000)
 ParOldGen       total 87040K, used 1035K [0x0000000112900000, 0x0000000117e00000, 0x0000000167e00000)
  object space 87040K, 1% used [0x0000000112900000,0x0000000112a02ec8,0x0000000117e00000)
 PSPermGen       total 21504K, used 12213K [0x000000010d700000, 0x000000010ec00000, 0x0000000112900000)
  object space 21504K, 56% used [0x000000010d700000,0x000000010e2ed428,0x000000010ec00000)
}

Deoptimization events (4 events):
Event: 1.779 Thread 0x00007fc3e5000000 Uncommon trap: reason=unreached action=reinterpret pc=0x000000010a5eb524 method=sun.misc.URLClassPath$JarLoader.ensureOpen()V @ 4
Event: 1.877 Thread 0x00007fc3e5000000 Uncommon trap: reason=unreached action=reinterpret pc=0x000000010a5e0d80 method=sun.misc.URLClassPath$JarLoader.ensureOpen()V @ 4
Event: 2.653 Thread 0x00007fc3e5000000 Uncommon trap: reason=unreached action=reinterpret pc=0x000000010a6f0ccc method=java.net.URL.<init>(Ljava/net/URL;Ljava/lang/String;Ljava/net/URLStreamHandler;)V @ 233
Event: 2.924 Thread 0x00007fc3e5000000 Uncommon trap: reason=unreached action=reinterpret pc=0x000000010a6ff6c4 method=java.util.HashMap.put(Ljava/lang/Object;Ljava/lang/Object;)Ljava/lang/Object; @ 77

Internal exceptions (10 events):
Event: 3.257 Thread 0x00007fc3e5000000 Threw 0x0000000169861308 at /HUDSON/workspace/7u-2-build-macosx-x86_64/jdk7u71/1605/hotspot/src/share/vm/prims/jvm.cpp:1281
Event: 3.259 Thread 0x00007fc3e5000000 Threw 0x00000001698760f0 at /HUDSON/workspace/7u-2-build-macosx-x86_64/jdk7u71/1605/hotspot/src/share/vm/prims/jvm.cpp:1281
Event: 3.265 Thread 0x00007fc3e5000000 Threw 0x000000016989cff8 at /HUDSON/workspace/7u-2-build-macosx-x86_64/jdk7u71/1605/hotspot/src/share/vm/prims/jvm.cpp:1281
Event: 3.266 Thread 0x00007fc3e5000000 Threw 0x00000001698b6df8 at /HUDSON/workspace/7u-2-build-macosx-x86_64/jdk7u71/1605/hotspot/src/share/vm/prims/jvm.cpp:1281
Event: 3.270 Thread 0x00007fc3e5000000 Threw 0x00000001698c33b0 at /HUDSON/workspace/7u-2-build-macosx-x86_64/jdk7u71/1605/hotspot/src/share/vm/prims/jvm.cpp:1281
Event: 3.271 Thread 0x00007fc3e5000000 Threw 0x00000001698d0040 at /HUDSON/workspace/7u-2-build-macosx-x86_64/jdk7u71/1605/hotspot/src/share/vm/prims/jvm.cpp:1281
Event: 3.272 Thread 0x00007fc3e5000000 Threw 0x00000001698e4b90 at /HUDSON/workspace/7u-2-build-macosx-x86_64/jdk7u71/1605/hotspot/src/share/vm/prims/jvm.cpp:1281
Event: 3.275 Thread 0x00007fc3e5000000 Threw 0x00000001698f9f48 at /HUDSON/workspace/7u-2-build-macosx-x86_64/jdk7u71/1605/hotspot/src/share/vm/prims/jvm.cpp:1281
Event: 3.276 Thread 0x00007fc3e5000000 Threw 0x00000001699053d8 at /HUDSON/workspace/7u-2-build-macosx-x86_64/jdk7u71/1605/hotspot/src/share/vm/prims/jvm.cpp:1281
Event: 3.277 Thread 0x00007fc3e5000000 Threw 0x000000016990f450 at /HUDSON/workspace/7u-2-build-macosx-x86_64/jdk7u71/1605/hotspot/src/share/vm/prims/jvm.cpp:1281

Events (10 events):
Event: 3.271 loading class 0x00007fc3e3472b30
Event: 3.271 loading class 0x00007fc3e3472b30 done
Event: 3.272 loading class 0x00007fc3e3657840
Event: 3.272 loading class 0x00007fc3e3657840 done
Event: 3.275 loading class 0x00007fc3e359e020
Event: 3.275 loading class 0x00007fc3e359e020 done
Event: 3.276 loading class 0x00007fc3e3656c80
Event: 3.276 loading class 0x00007fc3e3656c80 done
Event: 3.277 loading class 0x00007fc3e3472980
Event: 3.277 loading class 0x00007fc3e3472980 done


Dynamic libraries:
0x0000000000941000 	/System/Library/Frameworks/Cocoa.framework/Versions/A/Cocoa
0x0000000000941000 	/System/Library/Frameworks/Security.framework/Versions/A/Security
0x0000000000941000 	/System/Library/Frameworks/ApplicationServices.framework/Versions/A/ApplicationServices
0x0000000000941000 	/usr/lib/libz.1.dylib
0x0000000000941000 	/usr/lib/libSystem.B.dylib
0x0000000000941000 	/usr/lib/libobjc.A.dylib
0x0000000000941000 	/System/Library/Frameworks/CoreFoundation.framework/Versions/A/CoreFoundation
0x0000000000941000 	/System/Library/Frameworks/Foundation.framework/Versions/C/Foundation
0x0000000000941000 	/System/Library/Frameworks/AppKit.framework/Versions/C/AppKit
0x0000000000941000 	/System/Library/Frameworks/CoreData.framework/Versions/A/CoreData
0x0000000000941000 	/System/Library/PrivateFrameworks/RemoteViewServices.framework/Versions/A/RemoteViewServices
0x0000000000941000 	/System/Library/PrivateFrameworks/UIFoundation.framework/Versions/A/UIFoundation
0x0000000000941000 	/System/Library/Frameworks/IOSurface.framework/Versions/A/IOSurface
0x0000000000941000 	/System/Library/Frameworks/AudioToolbox.framework/Versions/A/AudioToolbox
0x0000000000941000 	/System/Library/Frameworks/AudioUnit.framework/Versions/A/AudioUnit
0x0000000000941000 	/System/Library/PrivateFrameworks/DataDetectorsCore.framework/Versions/A/DataDetectorsCore
0x0000000000941000 	/System/Library/PrivateFrameworks/DesktopServicesPriv.framework/Versions/A/DesktopServicesPriv
0x0000000000941000 	/System/Library/Frameworks/Carbon.framework/Versions/A/Frameworks/HIToolbox.framework/Versions/A/HIToolbox
0x0000000000941000 	/System/Library/Frameworks/QuartzCore.framework/Versions/A/QuartzCore
0x0000000000941000 	/System/Library/Frameworks/Carbon.framework/Versions/A/Frameworks/SpeechRecognition.framework/Versions/A/SpeechRecognition
0x0000000000941000 	/usr/lib/libauto.dylib
0x0000000000941000 	/usr/lib/libicucore.A.dylib
0x0000000000941000 	/usr/lib/libxml2.2.dylib
0x0000000000941000 	/System/Library/PrivateFrameworks/CoreUI.framework/Versions/A/CoreUI
0x0000000000941000 	/System/Library/Frameworks/CoreAudio.framework/Versions/A/CoreAudio
0x0000000000941000 	/System/Library/Frameworks/DiskArbitration.framework/Versions/A/DiskArbitration
0x0000000000941000 	/usr/lib/liblangid.dylib
0x0000000000941000 	/System/Library/PrivateFrameworks/MultitouchSupport.framework/Versions/A/MultitouchSupport
0x0000000000941000 	/System/Library/Frameworks/IOKit.framework/Versions/A/IOKit
0x0000000000941000 	/usr/lib/libDiagnosticMessagesClient.dylib
0x0000000000941000 	/System/Library/Frameworks/CoreServices.framework/Versions/A/CoreServices
0x0000000000941000 	/System/Library/PrivateFrameworks/PerformanceAnalysis.framework/Versions/A/PerformanceAnalysis
0x0000000000941000 	/System/Library/PrivateFrameworks/GenerationalStorage.framework/Versions/A/GenerationalStorage
0x0000000000941000 	/System/Library/Frameworks/OpenGL.framework/Versions/A/OpenGL
0x0000000000941000 	/System/Library/PrivateFrameworks/Sharing.framework/Versions/A/Sharing
0x0000000000941000 	/System/Library/Frameworks/CoreGraphics.framework/Versions/A/CoreGraphics
0x0000000000941000 	/System/Library/Frameworks/CoreText.framework/Versions/A/CoreText
0x0000000000941000 	/System/Library/Frameworks/ImageIO.framework/Versions/A/ImageIO
0x0000000000941000 	/usr/lib/libextension.dylib
0x0000000000941000 	/System/Library/PrivateFrameworks/Backup.framework/Versions/A/Backup
0x0000000000941000 	/usr/lib/libarchive.2.dylib
0x0000000000941000 	/System/Library/Frameworks/CFNetwork.framework/Versions/A/CFNetwork
0x0000000000941000 	/System/Library/Frameworks/SystemConfiguration.framework/Versions/A/SystemConfiguration
0x0000000000941000 	/usr/lib/libCRFSuite.dylib
0x0000000000941000 	/usr/lib/libc++.1.dylib
0x0000000000941000 	/usr/lib/libc++abi.dylib
0x0000000000941000 	/usr/lib/system/libcache.dylib
0x0000000000941000 	/usr/lib/system/libcommonCrypto.dylib
0x0000000000941000 	/usr/lib/system/libcompiler_rt.dylib
0x0000000000941000 	/usr/lib/system/libcopyfile.dylib
0x0000000000941000 	/usr/lib/system/libcorecrypto.dylib
0x0000000000941000 	/usr/lib/system/libdispatch.dylib
0x0000000000941000 	/usr/lib/system/libdyld.dylib
0x0000000000941000 	/usr/lib/system/libkeymgr.dylib
0x0000000000941000 	/usr/lib/system/liblaunch.dylib
0x0000000000941000 	/usr/lib/system/libmacho.dylib
0x0000000000941000 	/usr/lib/system/libquarantine.dylib
0x0000000000941000 	/usr/lib/system/libremovefile.dylib
0x0000000000941000 	/usr/lib/system/libsystem_asl.dylib
0x0000000000941000 	/usr/lib/system/libsystem_blocks.dylib
0x0000000000941000 	/usr/lib/system/libsystem_c.dylib
0x0000000000941000 	/usr/lib/system/libsystem_configuration.dylib
0x0000000000941000 	/usr/lib/system/libsystem_coreservices.dylib
0x0000000000941000 	/usr/lib/system/libsystem_coretls.dylib
0x0000000000941000 	/usr/lib/system/libsystem_dnssd.dylib
0x0000000000941000 	/usr/lib/system/libsystem_info.dylib
0x0000000000941000 	/usr/lib/system/libsystem_kernel.dylib
0x0000000000941000 	/usr/lib/system/libsystem_m.dylib
0x0000000000941000 	/usr/lib/system/libsystem_malloc.dylib
0x0000000000941000 	/usr/lib/system/libsystem_network.dylib
0x0000000000941000 	/usr/lib/system/libsystem_networkextension.dylib
0x0000000000941000 	/usr/lib/system/libsystem_notify.dylib
0x0000000000941000 	/usr/lib/system/libsystem_platform.dylib
0x0000000000941000 	/usr/lib/system/libsystem_pthread.dylib
0x0000000000941000 	/usr/lib/system/libsystem_sandbox.dylib
0x0000000000941000 	/usr/lib/system/libsystem_secinit.dylib
0x0000000000941000 	/usr/lib/system/libsystem_stats.dylib
0x0000000000941000 	/usr/lib/system/libsystem_trace.dylib
0x0000000000941000 	/usr/lib/system/libunc.dylib
0x0000000000941000 	/usr/lib/system/libunwind.dylib
0x0000000000941000 	/usr/lib/system/libxpc.dylib
0x0000000000941000 	/usr/lib/libbz2.1.0.dylib
0x0000000000941000 	/usr/lib/liblzma.5.dylib
0x0000000000941000 	/usr/lib/libbsm.0.dylib
0x0000000000941000 	/usr/lib/libsqlite3.dylib
0x0000000000941000 	/usr/lib/system/libkxld.dylib
0x0000000000941000 	/usr/lib/libxar.1.dylib
0x0000000000941000 	/usr/lib/libpam.2.dylib
0x0000000000941000 	/usr/lib/libOpenScriptingUtil.dylib
0x0000000000941000 	/System/Library/Frameworks/CoreServices.framework/Versions/A/Frameworks/FSEvents.framework/Versions/A/FSEvents
0x0000000000941000 	/System/Library/Frameworks/CoreServices.framework/Versions/A/Frameworks/CarbonCore.framework/Versions/A/CarbonCore
0x0000000000941000 	/System/Library/Frameworks/CoreServices.framework/Versions/A/Frameworks/Metadata.framework/Versions/A/Metadata
0x0000000000941000 	/System/Library/Frameworks/CoreServices.framework/Versions/A/Frameworks/OSServices.framework/Versions/A/OSServices
0x0000000000941000 	/System/Library/Frameworks/CoreServices.framework/Versions/A/Frameworks/SearchKit.framework/Versions/A/SearchKit
0x0000000000941000 	/System/Library/Frameworks/CoreServices.framework/Versions/A/Frameworks/AE.framework/Versions/A/AE
0x0000000000941000 	/System/Library/Frameworks/CoreServices.framework/Versions/A/Frameworks/LaunchServices.framework/Versions/A/LaunchServices
0x0000000000941000 	/System/Library/Frameworks/CoreServices.framework/Versions/A/Frameworks/DictionaryServices.framework/Versions/A/DictionaryServices
0x0000000000941000 	/System/Library/Frameworks/NetFS.framework/Versions/A/NetFS
0x0000000000941000 	/System/Library/PrivateFrameworks/NetAuth.framework/Versions/A/NetAuth
0x0000000000941000 	/System/Library/PrivateFrameworks/login.framework/Versions/A/Frameworks/loginsupport.framework/Versions/A/loginsupport
0x0000000000941000 	/System/Library/PrivateFrameworks/TCC.framework/Versions/A/TCC
0x0000000000941000 	/usr/lib/libmecabra.dylib
0x0000000000941000 	/System/Library/Frameworks/ApplicationServices.framework/Versions/A/Frameworks/ATS.framework/Versions/A/ATS
0x0000000000941000 	/System/Library/Frameworks/ApplicationServices.framework/Versions/A/Frameworks/ColorSync.framework/Versions/A/ColorSync
0x0000000000941000 	/System/Library/Frameworks/ApplicationServices.framework/Versions/A/Frameworks/HIServices.framework/Versions/A/HIServices
0x0000000000941000 	/System/Library/Frameworks/ApplicationServices.framework/Versions/A/Frameworks/LangAnalysis.framework/Versions/A/LangAnalysis
0x0000000000941000 	/System/Library/Frameworks/ApplicationServices.framework/Versions/A/Frameworks/PrintCore.framework/Versions/A/PrintCore
0x0000000000941000 	/System/Library/Frameworks/ApplicationServices.framework/Versions/A/Frameworks/QD.framework/Versions/A/QD
0x0000000000941000 	/System/Library/Frameworks/ApplicationServices.framework/Versions/A/Frameworks/SpeechSynthesis.framework/Versions/A/SpeechSynthesis
0x0000000000941000 	/System/Library/Frameworks/Accelerate.framework/Versions/A/Accelerate
0x0000000000941000 	/System/Library/Frameworks/Accelerate.framework/Versions/A/Frameworks/vImage.framework/Versions/A/vImage
0x0000000000941000 	/System/Library/Frameworks/Accelerate.framework/Versions/A/Frameworks/vecLib.framework/Versions/A/vecLib
0x0000000000941000 	/System/Library/Frameworks/Accelerate.framework/Versions/A/Frameworks/vecLib.framework/Versions/A/libvDSP.dylib
0x0000000000941000 	/System/Library/Frameworks/Accelerate.framework/Versions/A/Frameworks/vecLib.framework/Versions/A/libvMisc.dylib
0x0000000000941000 	/System/Library/Frameworks/Accelerate.framework/Versions/A/Frameworks/vecLib.framework/Versions/A/libLAPACK.dylib
0x0000000000941000 	/System/Library/Frameworks/Accelerate.framework/Versions/A/Frameworks/vecLib.framework/Versions/A/libBLAS.dylib
0x0000000000941000 	/System/Library/Frameworks/Accelerate.framework/Versions/A/Frameworks/vecLib.framework/Versions/A/libLinearAlgebra.dylib
0x0000000000941000 	/System/Library/Frameworks/ApplicationServices.framework/Versions/A/Frameworks/ATS.framework/Versions/A/Resources/libFontParser.dylib
0x0000000000941000 	/System/Library/Frameworks/ApplicationServices.framework/Versions/A/Frameworks/ATS.framework/Versions/A/Resources/libFontRegistry.dylib
0x0000000000941000 	/System/Library/PrivateFrameworks/AppleVPA.framework/Versions/A/AppleVPA
0x0000000000941000 	/System/Library/PrivateFrameworks/AppleJPEG.framework/Versions/A/AppleJPEG
0x0000000000941000 	/System/Library/Frameworks/ImageIO.framework/Versions/A/Resources/libJPEG.dylib
0x0000000000941000 	/System/Library/Frameworks/ImageIO.framework/Versions/A/Resources/libTIFF.dylib
0x0000000000941000 	/System/Library/Frameworks/ImageIO.framework/Versions/A/Resources/libPng.dylib
0x0000000000941000 	/System/Library/Frameworks/ImageIO.framework/Versions/A/Resources/libGIF.dylib
0x0000000000941000 	/System/Library/Frameworks/ImageIO.framework/Versions/A/Resources/libJP2.dylib
0x0000000000941000 	/System/Library/Frameworks/ImageIO.framework/Versions/A/Resources/libRadiance.dylib
0x0000000000941000 	/System/Library/Frameworks/CoreVideo.framework/Versions/A/CoreVideo
0x0000000000941000 	/System/Library/Frameworks/OpenGL.framework/Versions/A/Libraries/libGLU.dylib
0x0000000000941000 	/System/Library/Frameworks/OpenGL.framework/Versions/A/Libraries/libGFXShared.dylib
0x0000000000941000 	/System/Library/Frameworks/OpenGL.framework/Versions/A/Libraries/libGL.dylib
0x0000000000941000 	/System/Library/Frameworks/OpenGL.framework/Versions/A/Libraries/libGLImage.dylib
0x0000000000941000 	/System/Library/Frameworks/OpenGL.framework/Versions/A/Libraries/libCVMSPluginSupport.dylib
0x0000000000941000 	/System/Library/Frameworks/OpenGL.framework/Versions/A/Libraries/libCoreVMClient.dylib
0x0000000000941000 	/usr/lib/libcups.2.dylib
0x0000000000941000 	/System/Library/Frameworks/Kerberos.framework/Versions/A/Kerberos
0x0000000000941000 	/System/Library/Frameworks/GSS.framework/Versions/A/GSS
0x0000000000941000 	/usr/lib/libresolv.9.dylib
0x0000000000941000 	/usr/lib/libiconv.2.dylib
0x0000000000941000 	/System/Library/PrivateFrameworks/Heimdal.framework/Versions/A/Heimdal
0x0000000000941000 	/usr/lib/libheimdal-asn1.dylib
0x0000000000941000 	/System/Library/Frameworks/OpenDirectory.framework/Versions/A/OpenDirectory
0x0000000000941000 	/System/Library/PrivateFrameworks/CommonAuth.framework/Versions/A/CommonAuth
0x0000000000941000 	/System/Library/Frameworks/OpenDirectory.framework/Versions/A/Frameworks/CFOpenDirectory.framework/Versions/A/CFOpenDirectory
0x0000000000941000 	/System/Library/Frameworks/SecurityFoundation.framework/Versions/A/SecurityFoundation
0x0000000000941000 	/System/Library/PrivateFrameworks/LanguageModeling.framework/Versions/A/LanguageModeling
0x0000000000941000 	/usr/lib/libcmph.dylib
0x0000000000941000 	/System/Library/Frameworks/ServiceManagement.framework/Versions/A/ServiceManagement
0x0000000000941000 	/usr/lib/libxslt.1.dylib
0x0000000000941000 	/System/Library/Frameworks/Carbon.framework/Versions/A/Frameworks/Ink.framework/Versions/A/Ink
0x0000000000941000 	/System/Library/Frameworks/QuartzCore.framework/Versions/A/Frameworks/CoreImage.framework/Versions/A/CoreImage
0x0000000000941000 	/System/Library/PrivateFrameworks/CrashReporterSupport.framework/Versions/A/CrashReporterSupport
0x0000000000941000 	/System/Library/Frameworks/OpenCL.framework/Versions/A/OpenCL
0x0000000000941000 	/System/Library/PrivateFrameworks/FaceCore.framework/Versions/A/FaceCore
0x0000000000941000 	/System/Library/PrivateFrameworks/Ubiquity.framework/Versions/A/Ubiquity
0x0000000000941000 	/System/Library/PrivateFrameworks/IconServices.framework/Versions/A/IconServices
0x0000000000941000 	/System/Library/PrivateFrameworks/ChunkingLibrary.framework/Versions/A/ChunkingLibrary
0x0000000000941000 	/System/Library/PrivateFrameworks/Apple80211.framework/Versions/A/Apple80211
0x0000000000941000 	/System/Library/Frameworks/CoreWLAN.framework/Versions/A/CoreWLAN
0x0000000000941000 	/System/Library/Frameworks/IOBluetooth.framework/Versions/A/IOBluetooth
0x0000000000941000 	/System/Library/PrivateFrameworks/CoreWiFi.framework/Versions/A/CoreWiFi
0x0000000000941000 	/System/Library/Frameworks/CoreBluetooth.framework/Versions/A/CoreBluetooth
0x0000000000941000 	/System/Library/PrivateFrameworks/DebugSymbols.framework/Versions/A/DebugSymbols
0x0000000000941000 	/System/Library/PrivateFrameworks/CoreSymbolication.framework/Versions/A/CoreSymbolication
0x0000000000941000 	/System/Library/PrivateFrameworks/Symbolication.framework/Versions/A/Symbolication
0x0000000000941000 	/System/Library/PrivateFrameworks/SpeechRecognitionCore.framework/Versions/A/SpeechRecognitionCore
0x00000001099ad000 	/Library/Java/JavaVirtualMachines/jdk1.7.0_71.jdk/Contents/Home/jre/lib/server/libjvm.dylib
0x0000000000941000 	/usr/lib/libstdc++.6.dylib
0x000000010a510000 	/Library/Java/JavaVirtualMachines/jdk1.7.0_71.jdk/Contents/Home/jre/lib/libverify.dylib
0x000000010a51d000 	/Library/Java/JavaVirtualMachines/jdk1.7.0_71.jdk/Contents/Home/jre/lib/libjava.dylib
0x000000010a557000 	/Library/Java/JavaVirtualMachines/jdk1.7.0_71.jdk/Contents/Home/jre/lib/libzip.dylib
0x000000010d661000 	/System/Library/Frameworks/JavaVM.framework/Frameworks/JavaRuntimeSupport.framework/JavaRuntimeSupport
0x00000001933e1000 	/System/Library/Frameworks/JavaVM.framework/Versions/A/Frameworks/JavaNativeFoundation.framework/Versions/A/JavaNativeFoundation
0x00000001998a4000 	/System/Library/Frameworks/JavaVM.framework/Versions/A/JavaVM
0x0000000000941000 	/System/Library/Frameworks/Carbon.framework/Versions/A/Carbon
0x00000001933f5000 	/System/Library/PrivateFrameworks/JavaLaunching.framework/Versions/A/JavaLaunching
0x0000000000941000 	/System/Library/Frameworks/Carbon.framework/Versions/A/Frameworks/CommonPanels.framework/Versions/A/CommonPanels
0x0000000000941000 	/System/Library/Frameworks/Carbon.framework/Versions/A/Frameworks/Help.framework/Versions/A/Help
0x0000000000941000 	/System/Library/Frameworks/Carbon.framework/Versions/A/Frameworks/ImageCapture.framework/Versions/A/ImageCapture
0x0000000000941000 	/System/Library/Frameworks/Carbon.framework/Versions/A/Frameworks/OpenScripting.framework/Versions/A/OpenScripting
0x0000000000941000 	/System/Library/Frameworks/Carbon.framework/Versions/A/Frameworks/Print.framework/Versions/A/Print
0x0000000000941000 	/System/Library/Frameworks/Carbon.framework/Versions/A/Frameworks/SecurityHI.framework/Versions/A/SecurityHI
0x000000019b9d9000 	/Applications/IntelliJ IDEA 14.app/Contents/bin/libbreakgen64.jnilib
0x000000019badf000 	/Library/Java/JavaVirtualMachines/jdk1.7.0_71.jdk/Contents/Home/jre/lib/libnet.dylib
0x000000019beb6000 	/Library/Java/JavaVirtualMachines/jdk1.7.0_71.jdk/Contents/Home/jre/lib/libnio.dylib

VM Arguments:
jvm_args: -Didea.launcher.port=7538 -Didea.launcher.bin.path=/Applications/IntelliJ IDEA 14.app/Contents/bin -Dfile.encoding=UTF-8 
java_command: com.intellij.rt.execution.application.AppMain com.totalinlink.dsl.poi.TestSupport
Launcher Type: SUN_STANDARD

Environment Variables:
PATH=/usr/bin:/bin:/usr/sbin:/sbin
SHELL=/bin/bash

Signal Handlers:
SIGSEGV: [libjvm.dylib+0x52c49d], sa_mask[0]=0xfffefeff, sa_flags=0x00000043
SIGBUS: [libjvm.dylib+0x52c49d], sa_mask[0]=0xfffefeff, sa_flags=0x00000042
SIGFPE: [libjvm.dylib+0x41e53a], sa_mask[0]=0xfffefeff, sa_flags=0x00000042
SIGPIPE: [libjvm.dylib+0x41e53a], sa_mask[0]=0xfffefeff, sa_flags=0x00000042
SIGXFSZ: [libjvm.dylib+0x41e53a], sa_mask[0]=0xfffefeff, sa_flags=0x00000042
SIGILL: [libjvm.dylib+0x41e53a], sa_mask[0]=0xfffefeff, sa_flags=0x00000042
SIGUSR1: SIG_DFL, sa_mask[0]=0x00000000, sa_flags=0x00000000
SIGUSR2: [libjvm.dylib+0x41e02c], sa_mask[0]=0x00000004, sa_flags=0x00000042
SIGHUP: [libjvm.dylib+0x41c2bd], sa_mask[0]=0xfffefeff, sa_flags=0x00000042
SIGINT: [libjvm.dylib+0x41c2bd], sa_mask[0]=0xfffefeff, sa_flags=0x00000042
SIGTERM: [libjvm.dylib+0x41c2bd], sa_mask[0]=0xfffefeff, sa_flags=0x00000042
SIGQUIT: [libjvm.dylib+0x41c2bd], sa_mask[0]=0xfffefeff, sa_flags=0x00000042


---------------  S Y S T E M  ---------------

OS:Bsduname:Darwin 14.3.0 Darwin Kernel Version 14.3.0: Mon Mar 23 11:59:05 PDT 2015; root:xnu-2782.20.48~5/RELEASE_X86_64 x86_64
rlimit: STACK 8192k, CORE 0k, NPROC 709, NOFILE 10240, AS infinity
load average:3.10 3.20 3.28

CPU:total 4 (2 cores per cpu, 2 threads per core) family 6 model 69 stepping 1, cmov, cx8, fxsr, mmx, sse, sse2, sse3, ssse3, sse4.1, sse4.2, popcnt, avx, avx2, aes, erms, ht, tsc, tscinvbit

Memory: 4k page, physical 8388608k(2097152k free)

/proc/meminfo:


vm_info: Java HotSpot(TM) 64-Bit Server VM (24.71-b01) for bsd-amd64 JRE (1.7.0_71-b14), built on Sep 26 2014 16:11:44 by "java_re" with gcc 4.2.1 (Based on Apple Inc. build 5658) (LLVM build 2336.11.00)

time: Sat May 30 22:17:50 2015
elapsed time: 3 seconds

