#
# A fatal error has been detected by the Java Runtime Environment:
#
#  SIGBUS (0xa) at pc=0x0000000105acb0b7, pid=4749, tid=3331
#
# JRE version: Java(TM) SE Runtime Environment (7.0_71-b14) (build 1.7.0_71-b14)
# Java VM: Java HotSpot(TM) 64-Bit Server VM (24.71-b01 mixed mode bsd-amd64 compressed oops)
# Problematic frame:
# C  [libzip.dylib+0x30b7]  newEntry+0x154
#
# Failed to write core dump. Core dumps have been disabled. To enable core dumping, try "ulimit -c unlimited" before starting Java again
#
# If you would like to submit a bug report, please visit:
#   http://bugreport.sun.com/bugreport/crash.jsp
# The crash happened outside the Java Virtual Machine in native code.
# See problematic frame for where to report the bug.
#

---------------  T H R E A D  ---------------

Current thread (0x00007fd992000800):  JavaThread "main" [_thread_in_native, id=3331, stack(0x000000010597f000,0x0000000105a7f000)]

siginfo:si_signo=SIGBUS: si_errno=0, si_code=2 (BUS_ADRERR), si_addr=0x0000000197571adb

Registers:
RAX=0x00007fd990c2f210, RBX=0x0000000197571acf, RCX=0x0000000000000001, RDX=0x0000000000000908
RSP=0x0000000105a7d380, RBP=0x0000000105a7d3e0, RSI=0x00007fd990d00000, RDI=0x0000000104e3da00
R8 =0x0000000000000004, R9 =0x00000000fff00000, R10=0x0000000000000004, R11=0x00007fd990d00000
R12=0x0000000000000020, R13=0x00007fd990e37e00, R14=0x00007fd990c2f210, R15=0x00007fd990d82d70
RIP=0x0000000105acb0b7, EFLAGS=0x0000000000010206, ERR=0x0000000000000004
  TRAPNO=0x000000000000000e

Top of Stack: (sp=0x0000000105a7d380)
0x0000000105a7d380:   0000000164ef9130 0000000005a7d388
0x0000000105a7d390:   00000001091dcdb9 0000000105a7d3e0
0x0000000105a7d3a0:   0000000105a7d3c0 00007fd990c2f210
0x0000000105a7d3b0:   00007fd990d922f0 000000004eecb6d3
0x0000000105a7d3c0:   0000000000000020 00007fd990e37e00
0x0000000105a7d3d0:   00007fd990c2f210 00007fd990d82d70
0x0000000105a7d3e0:   0000000105a7d430 0000000105acb725
0x0000000105a7d3f0:   0000000000000010 0000000092000800
0x0000000105a7d400:   0000000105a7d44e 0000000105a7d898
0x0000000105a7d410:   0000000000000010 0000000105a7d44e
0x0000000105a7d420:   00007fd990c2f210 00007fd9920009e8
0x0000000105a7d430:   0000000105a7d880 0000000105aca570
0x0000000105a7d440:   0000000105a7d488 6f64000100000000
0x0000000105a7d450:   612f73706f725063 00006c6d782e7070
0x0000000105a7d460:   0000000000000000 0000000105a7d480
0x0000000105a7d470:   0000000105a7d4d0 0000000105ad7058
0x0000000105a7d480:   0000000164ef9558 0000000164ef9580
0x0000000105a7d490:   0000000105a7d490 00000001091ddc9a
0x0000000105a7d4a0:   0000000105a7d4e8 0000000193050a11
0x0000000105a7d4b0:   0000000105a7d500 00007fd990f01e00
0x0000000105a7d4c0:   00007fd990f01df0 0000000000000001
0x0000000105a7d4d0:   00007fd990f01e08 00007fd990f01de8
0x0000000105a7d4e0:   0000000105a7d560 00000001052becfd
0x0000000105a7d4f0:   000000019308b790 0000000109576088
0x0000000105a7d500:   0000000105a7d530 00007fd992000800
0x0000000105a7d510:   0000000105a7d528 00007fd992000800
0x0000000105a7d520:   00007fd990f01de8 0000000105a7d890
0x0000000105a7d530:   0000000105a7d560 00007fd990f01de8
0x0000000105a7d540:   00007fd990f01e10 00007fd992000800
0x0000000105a7d550:   0000000193050a10 00007fd990f01de8
0x0000000105a7d560:   0000000105a7d740 00000001052bfb53
0x0000000105a7d570:   000000000000006c 0000000000817fe2 

Instructions: (pc=0x0000000105acb0b7)
0x0000000105acb097:   49 8b 7f 38 e8 9c 1a 00 00 4d 89 77 38 49 89 5f
0x0000000105acb0a7:   40 4c 89 f0 48 85 c0 0f 84 16 05 00 00 48 89 c3
0x0000000105acb0b7:   0f b6 43 0c 0f b6 4b 0d 48 c1 e1 08 48 01 c1 0f
0x0000000105acb0c7:   b6 43 0e 0f b6 53 0f 48 c1 e2 08 48 01 c2 48 c1 

Register to memory mapping:

RAX=0x00007fd990c2f210 is an unknown value
RBX=0x0000000197571acf is an unknown value
RCX=0x0000000000000001 is an unknown value
RDX=0x0000000000000908 is an unknown value
RSP=0x0000000105a7d380 is pointing into the stack for thread: 0x00007fd992000800
RBP=0x0000000105a7d3e0 is pointing into the stack for thread: 0x00007fd992000800
RSI=0x00007fd990d00000 is an unknown value
RDI=0x0000000104e3da00 is an unknown value
R8 =0x0000000000000004 is an unknown value
R9 =0x00000000fff00000 is an unknown value
R10=0x0000000000000004 is an unknown value
R11=0x00007fd990d00000 is an unknown value
R12=0x0000000000000020 is an unknown value
R13=0x00007fd990e37e00 is an unknown value
R14=0x00007fd990c2f210 is an unknown value
R15=0x00007fd990d82d70 is an unknown value


Stack: [0x000000010597f000,0x0000000105a7f000],  sp=0x0000000105a7d380,  free space=1016k
Native frames: (J=compiled Java code, j=interpreted, Vv=VM code, C=native code)
C  [libzip.dylib+0x30b7]  newEntry+0x154
C  [libzip.dylib+0x3725]  ZIP_GetEntry+0xa2
C  [libzip.dylib+0x2570]  Java_java_util_zip_ZipFile_getEntry+0xdd
J 59  java.util.zip.ZipFile.getEntry(J[BZ)J (0 bytes) @ 0x0000000105c5208e [0x0000000105c51fc0+0xce]
j  java.util.zip.ZipFile.getInputStream(Ljava/util/zip/ZipEntry;)Ljava/io/InputStream;+88
j  org.apache.poi.openxml4j.util.ZipFileZipEntrySource.getInputStream(Ljava/util/zip/ZipEntry;)Ljava/io/InputStream;+22
j  org.apache.poi.openxml4j.opc.ZipPackagePart.getInputStreamImpl()Ljava/io/InputStream;+14
j  org.apache.poi.openxml4j.opc.PackagePart.getInputStream()Ljava/io/InputStream;+1
j  org.apache.poi.POIXMLProperties.<init>(Lorg/apache/poi/openxml4j/opc/OPCPackage;)V+69
j  org.apache.poi.POIXMLDocument.getProperties()Lorg/apache/poi/POIXMLProperties;+16
j  org.apache.poi.POIXMLDocument.write(Ljava/io/OutputStream;)V+20
j  org.apache.poi.ss.usermodel.Workbook$write$2.call(Ljava/lang/Object;[Ljava/lang/Object;)Ljava/lang/Object;+19
j  org.codehaus.groovy.runtime.callsite.CallSiteArray.defaultCall(Lorg/codehaus/groovy/runtime/callsite/CallSite;Ljava/lang/Object;[Ljava/lang/Object;)Ljava/lang/Object;+8
j  org.codehaus.groovy.runtime.callsite.AbstractCallSite.call(Ljava/lang/Object;[Ljava/lang/Object;)Ljava/lang/Object;+3
j  org.codehaus.groovy.runtime.callsite.AbstractCallSite.call(Ljava/lang/Object;Ljava/lang/Object;)Ljava/lang/Object;+33
j  com.totalinlink.dsl.poi.wrappers.WorkBookWrapper.save()Ljava/lang/Object;+37
j  com.totalinlink.dsl.poi.wrappers.WorkBookWrapper$save.call(Ljava/lang/Object;[Ljava/lang/Object;)Ljava/lang/Object;+13
j  org.codehaus.groovy.runtime.callsite.CallSiteArray.defaultCall(Lorg/codehaus/groovy/runtime/callsite/CallSite;Ljava/lang/Object;[Ljava/lang/Object;)Ljava/lang/Object;+8
j  org.codehaus.groovy.runtime.callsite.AbstractCallSite.call(Ljava/lang/Object;[Ljava/lang/Object;)Ljava/lang/Object;+3
j  org.codehaus.groovy.runtime.callsite.AbstractCallSite.call(Ljava/lang/Object;)Ljava/lang/Object;+5
j  com.totalinlink.dsl.poi.WorkBookBuilder.save()Ljava/lang/Object;+12
j  com.totalinlink.dsl.poi.WorkBookBuilder$save.call(Ljava/lang/Object;[Ljava/lang/Object;)Ljava/lang/Object;+13
j  org.codehaus.groovy.runtime.callsite.CallSiteArray.defaultCall(Lorg/codehaus/groovy/runtime/callsite/CallSite;Ljava/lang/Object;[Ljava/lang/Object;)Ljava/lang/Object;+8
j  org.codehaus.groovy.runtime.callsite.AbstractCallSite.call(Ljava/lang/Object;[Ljava/lang/Object;)Ljava/lang/Object;+3
j  org.codehaus.groovy.runtime.callsite.AbstractCallSite.call(Ljava/lang/Object;)Ljava/lang/Object;+5
j  com.totalinlink.dsl.poi.TestSupport.main([Ljava/lang/String;)V+222
v  ~StubRoutines::call_stub
V  [libjvm.dylib+0x2db378]  JavaCalls::call_helper(JavaValue*, methodHandle*, JavaCallArguments*, Thread*)+0x22a
V  [libjvm.dylib+0x2db148]  JavaCalls::call(JavaValue*, methodHandle, JavaCallArguments*, Thread*)+0x28
V  [libjvm.dylib+0x4661f8]  Reflection::invoke(instanceKlassHandle, methodHandle, Handle, bool, objArrayHandle, BasicType, objArrayHandle, bool, Thread*)+0x9fc
V  [libjvm.dylib+0x46665e]  Reflection::invoke_method(oopDesc*, Handle, objArrayHandle, Thread*)+0x16e
V  [libjvm.dylib+0x327bab]  JVM_InvokeMethod+0x166
j  sun.reflect.NativeMethodAccessorImpl.invoke0(Ljava/lang/reflect/Method;Ljava/lang/Object;[Ljava/lang/Object;)Ljava/lang/Object;+0
j  sun.reflect.NativeMethodAccessorImpl.invoke(Ljava/lang/Object;[Ljava/lang/Object;)Ljava/lang/Object;+87
j  sun.reflect.DelegatingMethodAccessorImpl.invoke(Ljava/lang/Object;[Ljava/lang/Object;)Ljava/lang/Object;+6
j  java.lang.reflect.Method.invoke(Ljava/lang/Object;[Ljava/lang/Object;)Ljava/lang/Object;+57
j  com.intellij.rt.execution.application.AppMain.main([Ljava/lang/String;)V+157
v  ~StubRoutines::call_stub
V  [libjvm.dylib+0x2db378]  JavaCalls::call_helper(JavaValue*, methodHandle*, JavaCallArguments*, Thread*)+0x22a
V  [libjvm.dylib+0x2db148]  JavaCalls::call(JavaValue*, methodHandle, JavaCallArguments*, Thread*)+0x28
V  [libjvm.dylib+0x30e9c2]  jni_invoke_static(JNIEnv_*, JavaValue*, _jobject*, JNICallType, _jmethodID*, JNI_ArgumentPusher*, Thread*)+0xe6
V  [libjvm.dylib+0x307b5d]  jni_CallStaticVoidMethod+0x10b
C  [java+0x30fe]  JavaMain+0x91d
C  [libsystem_pthread.dylib+0x3268]  _pthread_body+0x83
C  [libsystem_pthread.dylib+0x31e5]  _pthread_body+0x0
C  [libsystem_pthread.dylib+0x141d]  thread_start+0xd

Java frames: (J=compiled Java code, j=interpreted, Vv=VM code)
J 59  java.util.zip.ZipFile.getEntry(J[BZ)J (0 bytes) @ 0x0000000105c52018 [0x0000000105c51fc0+0x58]
j  java.util.zip.ZipFile.getInputStream(Ljava/util/zip/ZipEntry;)Ljava/io/InputStream;+88
j  org.apache.poi.openxml4j.util.ZipFileZipEntrySource.getInputStream(Ljava/util/zip/ZipEntry;)Ljava/io/InputStream;+22
j  org.apache.poi.openxml4j.opc.ZipPackagePart.getInputStreamImpl()Ljava/io/InputStream;+14
j  org.apache.poi.openxml4j.opc.PackagePart.getInputStream()Ljava/io/InputStream;+1
j  org.apache.poi.POIXMLProperties.<init>(Lorg/apache/poi/openxml4j/opc/OPCPackage;)V+69
j  org.apache.poi.POIXMLDocument.getProperties()Lorg/apache/poi/POIXMLProperties;+16
j  org.apache.poi.POIXMLDocument.write(Ljava/io/OutputStream;)V+20
j  org.apache.poi.ss.usermodel.Workbook$write$2.call(Ljava/lang/Object;[Ljava/lang/Object;)Ljava/lang/Object;+19
j  org.codehaus.groovy.runtime.callsite.CallSiteArray.defaultCall(Lorg/codehaus/groovy/runtime/callsite/CallSite;Ljava/lang/Object;[Ljava/lang/Object;)Ljava/lang/Object;+8
j  org.codehaus.groovy.runtime.callsite.AbstractCallSite.call(Ljava/lang/Object;[Ljava/lang/Object;)Ljava/lang/Object;+3
j  org.codehaus.groovy.runtime.callsite.AbstractCallSite.call(Ljava/lang/Object;Ljava/lang/Object;)Ljava/lang/Object;+33
j  com.totalinlink.dsl.poi.wrappers.WorkBookWrapper.save()Ljava/lang/Object;+37
j  com.totalinlink.dsl.poi.wrappers.WorkBookWrapper$save.call(Ljava/lang/Object;[Ljava/lang/Object;)Ljava/lang/Object;+13
j  org.codehaus.groovy.runtime.callsite.CallSiteArray.defaultCall(Lorg/codehaus/groovy/runtime/callsite/CallSite;Ljava/lang/Object;[Ljava/lang/Object;)Ljava/lang/Object;+8
j  org.codehaus.groovy.runtime.callsite.AbstractCallSite.call(Ljava/lang/Object;[Ljava/lang/Object;)Ljava/lang/Object;+3
j  org.codehaus.groovy.runtime.callsite.AbstractCallSite.call(Ljava/lang/Object;)Ljava/lang/Object;+5
j  com.totalinlink.dsl.poi.WorkBookBuilder.save()Ljava/lang/Object;+12
j  com.totalinlink.dsl.poi.WorkBookBuilder$save.call(Ljava/lang/Object;[Ljava/lang/Object;)Ljava/lang/Object;+13
j  org.codehaus.groovy.runtime.callsite.CallSiteArray.defaultCall(Lorg/codehaus/groovy/runtime/callsite/CallSite;Ljava/lang/Object;[Ljava/lang/Object;)Ljava/lang/Object;+8
j  org.codehaus.groovy.runtime.callsite.AbstractCallSite.call(Ljava/lang/Object;[Ljava/lang/Object;)Ljava/lang/Object;+3
j  org.codehaus.groovy.runtime.callsite.AbstractCallSite.call(Ljava/lang/Object;)Ljava/lang/Object;+5
j  com.totalinlink.dsl.poi.TestSupport.main([Ljava/lang/String;)V+222
v  ~StubRoutines::call_stub
j  sun.reflect.NativeMethodAccessorImpl.invoke0(Ljava/lang/reflect/Method;Ljava/lang/Object;[Ljava/lang/Object;)Ljava/lang/Object;+0
j  sun.reflect.NativeMethodAccessorImpl.invoke(Ljava/lang/Object;[Ljava/lang/Object;)Ljava/lang/Object;+87
j  sun.reflect.DelegatingMethodAccessorImpl.invoke(Ljava/lang/Object;[Ljava/lang/Object;)Ljava/lang/Object;+6
j  java.lang.reflect.Method.invoke(Ljava/lang/Object;[Ljava/lang/Object;)Ljava/lang/Object;+57
j  com.intellij.rt.execution.application.AppMain.main([Ljava/lang/String;)V+157
v  ~StubRoutines::call_stub

---------------  P R O C E S S  ---------------

Java Threads: ( => current thread )
  0x00007fd992099000 JavaThread "Monitor Ctrl-Break" daemon [_thread_in_native, id=18691, stack(0x0000000196f4d000,0x000000019704d000)]
  0x00007fd99281b800 JavaThread "Service Thread" daemon [_thread_blocked, id=17667, stack(0x0000000196a02000,0x0000000196b02000)]
  0x00007fd99201e000 JavaThread "C2 CompilerThread1" daemon [_thread_blocked, id=17155, stack(0x00000001968ff000,0x00000001969ff000)]
  0x00007fd99280e000 JavaThread "C2 CompilerThread0" daemon [_thread_blocked, id=16643, stack(0x00000001967fc000,0x00000001968fc000)]
  0x00007fd991051000 JavaThread "Signal Dispatcher" daemon [_thread_blocked, id=12563, stack(0x00000001966f9000,0x00000001967f9000)]
  0x00007fd99180d800 JavaThread "Finalizer" daemon [_thread_blocked, id=11011, stack(0x0000000194d07000,0x0000000194e07000)]
  0x00007fd991046800 JavaThread "Reference Handler" daemon [_thread_blocked, id=10499, stack(0x0000000194c04000,0x0000000194d04000)]
=>0x00007fd992000800 JavaThread "main" [_thread_in_native, id=3331, stack(0x000000010597f000,0x0000000105a7f000)]

Other Threads:
  0x00007fd991043800 VMThread [stack: 0x0000000194b01000,0x0000000194c01000] [id=9987]
  0x00007fd99181d800 WatcherThread [stack: 0x0000000196b05000,0x0000000196c05000] [id=18179]

VM state:not at safepoint (normal execution)

VM Mutex/Monitor currently owned by a thread: None

Heap
 PSYoungGen      total 38912K, used 33630K [0x0000000163380000, 0x0000000165e80000, 0x000000018de80000)
  eden space 33792K, 84% used [0x0000000163380000,0x0000000164f57bb0,0x0000000165480000)
  from space 5120K, 99% used [0x0000000165480000,0x000000016597fd90,0x0000000165980000)
  to   space 5120K, 0% used [0x0000000165980000,0x0000000165980000,0x0000000165e80000)
 ParOldGen       total 87040K, used 982K [0x000000010de80000, 0x0000000113380000, 0x0000000163380000)
  object space 87040K, 1% used [0x000000010de80000,0x000000010df75ba8,0x0000000113380000)
 PSPermGen       total 21504K, used 16909K [0x0000000108c80000, 0x000000010a180000, 0x000000010de80000)
  object space 21504K, 78% used [0x0000000108c80000,0x0000000109d03470,0x000000010a180000)

Card table byte_map: [0x000000018de80000,0x000000018e2aa000] byte_map_base: 0x000000018d639c00

Polling page: 0x0000000105abe000

Code Cache  [0x0000000105ad1000, 0x0000000105d41000, 0x0000000108ad1000)
 total_blobs=681 nmethods=138 adapters=497 free_code_cache=47370Kb largest_free_block=48477632

Compilation events (10 events):
Event: 2.885 Thread 0x00007fd99201e000  134             groovyjarjarasm.asm.ByteVector::putUTF8 (142 bytes)
Event: 2.892 Thread 0x00007fd99201e000 nmethod 134 0x0000000105c89b50 code [0x0000000105c89cc0, 0x0000000105c8a1b8]
Event: 2.914 Thread 0x00007fd99280e000  135   !         java.net.URI::encode (142 bytes)
Event: 2.917 Thread 0x00007fd99280e000 nmethod 135 0x0000000105c89610 code [0x0000000105c89760, 0x0000000105c89978]
Event: 2.947 Thread 0x00007fd99201e000  136             java.util.HashMap::createEntry (39 bytes)
Event: 2.949 Thread 0x00007fd99201e000 nmethod 136 0x0000000105c8f2d0 code [0x0000000105c8f420, 0x0000000105c8f5f8]
Event: 2.949 Thread 0x00007fd99280e000  137 %           org.apache.poi.xssf.model.StylesTable::writeTo @ 46 (747 bytes)
Event: 2.969 Thread 0x00007fd99280e000 nmethod 137% 0x0000000105c92590 code [0x0000000105c92920, 0x0000000105c93c90]
Event: 2.969 Thread 0x00007fd99201e000  138             sun.misc.ASCIICaseInsensitiveComparator::compare (126 bytes)
Event: 2.971 Thread 0x00007fd99201e000 nmethod 138 0x0000000105c91e10 code [0x0000000105c91f80, 0x0000000105c92238]

GC Heap History (2 events):
Event: 1.890 GC heap before
{Heap before GC invocations=1 (full 0):
 PSYoungGen      total 38912K, used 33792K [0x0000000163380000, 0x0000000165e80000, 0x000000018de80000)
  eden space 33792K, 100% used [0x0000000163380000,0x0000000165480000,0x0000000165480000)
  from space 5120K, 0% used [0x0000000165980000,0x0000000165980000,0x0000000165e80000)
  to   space 5120K, 0% used [0x0000000165480000,0x0000000165480000,0x0000000165980000)
 ParOldGen       total 87040K, used 0K [0x000000010de80000, 0x0000000113380000, 0x0000000163380000)
  object space 87040K, 0% used [0x000000010de80000,0x000000010de80000,0x0000000113380000)
 PSPermGen       total 21504K, used 12213K [0x0000000108c80000, 0x000000010a180000, 0x000000010de80000)
  object space 21504K, 56% used [0x0000000108c80000,0x000000010986d4a0,0x000000010a180000)
Event: 1.900 GC heap after
Heap after GC invocations=1 (full 0):
 PSYoungGen      total 38912K, used 5119K [0x0000000163380000, 0x0000000165e80000, 0x000000018de80000)
  eden space 33792K, 0% used [0x0000000163380000,0x0000000163380000,0x0000000165480000)
  from space 5120K, 99% used [0x0000000165480000,0x000000016597fd90,0x0000000165980000)
  to   space 5120K, 0% used [0x0000000165980000,0x0000000165980000,0x0000000165e80000)
 ParOldGen       total 87040K, used 982K [0x000000010de80000, 0x0000000113380000, 0x0000000163380000)
  object space 87040K, 1% used [0x000000010de80000,0x000000010df75ba8,0x0000000113380000)
 PSPermGen       total 21504K, used 12213K [0x0000000108c80000, 0x000000010a180000, 0x000000010de80000)
  object space 21504K, 56% used [0x0000000108c80000,0x000000010986d4a0,0x000000010a180000)
}

Deoptimization events (4 events):
Event: 1.673 Thread 0x00007fd992000800 Uncommon trap: reason=unreached action=reinterpret pc=0x0000000105b5441c method=sun.misc.URLClassPath$JarLoader.ensureOpen()V @ 4
Event: 1.816 Thread 0x00007fd992000800 Uncommon trap: reason=unreached action=reinterpret pc=0x0000000105b59bf8 method=sun.misc.URLClassPath$JarLoader.ensureOpen()V @ 4
Event: 2.395 Thread 0x00007fd992000800 Uncommon trap: reason=unreached action=reinterpret pc=0x0000000105c6160c method=java.net.URL.<init>(Ljava/net/URL;Ljava/lang/String;Ljava/net/URLStreamHandler;)V @ 233
Event: 2.779 Thread 0x00007fd992000800 Uncommon trap: reason=unreached action=reinterpret pc=0x0000000105c714c0 method=java.util.HashMap.put(Ljava/lang/Object;Ljava/lang/Object;)Ljava/lang/Object; @ 77

Internal exceptions (10 events):
Event: 2.955 Thread 0x00007fd992000800 Threw 0x0000000164e41038 at /HUDSON/workspace/7u-2-build-macosx-x86_64/jdk7u71/1605/hotspot/src/share/vm/prims/jvm.cpp:1281
Event: 2.957 Thread 0x00007fd992000800 Threw 0x0000000164e55db8 at /HUDSON/workspace/7u-2-build-macosx-x86_64/jdk7u71/1605/hotspot/src/share/vm/prims/jvm.cpp:1281
Event: 2.961 Thread 0x00007fd992000800 Threw 0x0000000164e7cbb0 at /HUDSON/workspace/7u-2-build-macosx-x86_64/jdk7u71/1605/hotspot/src/share/vm/prims/jvm.cpp:1281
Event: 2.962 Thread 0x00007fd992000800 Threw 0x0000000164e969b0 at /HUDSON/workspace/7u-2-build-macosx-x86_64/jdk7u71/1605/hotspot/src/share/vm/prims/jvm.cpp:1281
Event: 2.967 Thread 0x00007fd992000800 Threw 0x0000000164ea2f68 at /HUDSON/workspace/7u-2-build-macosx-x86_64/jdk7u71/1605/hotspot/src/share/vm/prims/jvm.cpp:1281
Event: 2.968 Thread 0x00007fd992000800 Threw 0x0000000164eafbf8 at /HUDSON/workspace/7u-2-build-macosx-x86_64/jdk7u71/1605/hotspot/src/share/vm/prims/jvm.cpp:1281
Event: 2.969 Thread 0x00007fd992000800 Threw 0x0000000164ec4798 at /HUDSON/workspace/7u-2-build-macosx-x86_64/jdk7u71/1605/hotspot/src/share/vm/prims/jvm.cpp:1281
Event: 2.972 Thread 0x00007fd992000800 Threw 0x0000000164ed9b50 at /HUDSON/workspace/7u-2-build-macosx-x86_64/jdk7u71/1605/hotspot/src/share/vm/prims/jvm.cpp:1281
Event: 2.973 Thread 0x00007fd992000800 Threw 0x0000000164ee4fe0 at /HUDSON/workspace/7u-2-build-macosx-x86_64/jdk7u71/1605/hotspot/src/share/vm/prims/jvm.cpp:1281
Event: 2.974 Thread 0x00007fd992000800 Threw 0x0000000164eeefb8 at /HUDSON/workspace/7u-2-build-macosx-x86_64/jdk7u71/1605/hotspot/src/share/vm/prims/jvm.cpp:1281

Events (10 events):
Event: 2.968 loading class 0x00007fd990c48bd0
Event: 2.968 loading class 0x00007fd990c48bd0 done
Event: 2.969 loading class 0x00007fd990f822c0
Event: 2.969 loading class 0x00007fd990f822c0 done
Event: 2.972 loading class 0x00007fd990d92380
Event: 2.972 loading class 0x00007fd990d92380 done
Event: 2.973 loading class 0x00007fd990e555a0
Event: 2.973 loading class 0x00007fd990e555a0 done
Event: 2.974 loading class 0x00007fd990c48a20
Event: 2.974 loading class 0x00007fd990c48a20 done


Dynamic libraries:
0x0000000000941000 	/System/Library/Frameworks/Cocoa.framework/Versions/A/Cocoa
0x0000000000941000 	/System/Library/Frameworks/Security.framework/Versions/A/Security
0x0000000000941000 	/System/Library/Frameworks/ApplicationServices.framework/Versions/A/ApplicationServices
0x0000000000941000 	/usr/lib/libz.1.dylib
0x0000000000941000 	/usr/lib/libSystem.B.dylib
0x0000000000941000 	/usr/lib/libobjc.A.dylib
0x0000000000941000 	/System/Library/Frameworks/CoreFoundation.framework/Versions/A/CoreFoundation
0x0000000000941000 	/System/Library/Frameworks/Foundation.framework/Versions/C/Foundation
0x0000000000941000 	/System/Library/Frameworks/AppKit.framework/Versions/C/AppKit
0x0000000000941000 	/System/Library/Frameworks/CoreData.framework/Versions/A/CoreData
0x0000000000941000 	/System/Library/PrivateFrameworks/RemoteViewServices.framework/Versions/A/RemoteViewServices
0x0000000000941000 	/System/Library/PrivateFrameworks/UIFoundation.framework/Versions/A/UIFoundation
0x0000000000941000 	/System/Library/Frameworks/IOSurface.framework/Versions/A/IOSurface
0x0000000000941000 	/System/Library/Frameworks/AudioToolbox.framework/Versions/A/AudioToolbox
0x0000000000941000 	/System/Library/Frameworks/AudioUnit.framework/Versions/A/AudioUnit
0x0000000000941000 	/System/Library/PrivateFrameworks/DataDetectorsCore.framework/Versions/A/DataDetectorsCore
0x0000000000941000 	/System/Library/PrivateFrameworks/DesktopServicesPriv.framework/Versions/A/DesktopServicesPriv
0x0000000000941000 	/System/Library/Frameworks/Carbon.framework/Versions/A/Frameworks/HIToolbox.framework/Versions/A/HIToolbox
0x0000000000941000 	/System/Library/Frameworks/QuartzCore.framework/Versions/A/QuartzCore
0x0000000000941000 	/System/Library/Frameworks/Carbon.framework/Versions/A/Frameworks/SpeechRecognition.framework/Versions/A/SpeechRecognition
0x0000000000941000 	/usr/lib/libauto.dylib
0x0000000000941000 	/usr/lib/libicucore.A.dylib
0x0000000000941000 	/usr/lib/libxml2.2.dylib
0x0000000000941000 	/System/Library/PrivateFrameworks/CoreUI.framework/Versions/A/CoreUI
0x0000000000941000 	/System/Library/Frameworks/CoreAudio.framework/Versions/A/CoreAudio
0x0000000000941000 	/System/Library/Frameworks/DiskArbitration.framework/Versions/A/DiskArbitration
0x0000000000941000 	/usr/lib/liblangid.dylib
0x0000000000941000 	/System/Library/PrivateFrameworks/MultitouchSupport.framework/Versions/A/MultitouchSupport
0x0000000000941000 	/System/Library/Frameworks/IOKit.framework/Versions/A/IOKit
0x0000000000941000 	/usr/lib/libDiagnosticMessagesClient.dylib
0x0000000000941000 	/System/Library/Frameworks/CoreServices.framework/Versions/A/CoreServices
0x0000000000941000 	/System/Library/PrivateFrameworks/PerformanceAnalysis.framework/Versions/A/PerformanceAnalysis
0x0000000000941000 	/System/Library/PrivateFrameworks/GenerationalStorage.framework/Versions/A/GenerationalStorage
0x0000000000941000 	/System/Library/Frameworks/OpenGL.framework/Versions/A/OpenGL
0x0000000000941000 	/System/Library/PrivateFrameworks/Sharing.framework/Versions/A/Sharing
0x0000000000941000 	/System/Library/Frameworks/CoreGraphics.framework/Versions/A/CoreGraphics
0x0000000000941000 	/System/Library/Frameworks/CoreText.framework/Versions/A/CoreText
0x0000000000941000 	/System/Library/Frameworks/ImageIO.framework/Versions/A/ImageIO
0x0000000000941000 	/usr/lib/libextension.dylib
0x0000000000941000 	/System/Library/PrivateFrameworks/Backup.framework/Versions/A/Backup
0x0000000000941000 	/usr/lib/libarchive.2.dylib
0x0000000000941000 	/System/Library/Frameworks/CFNetwork.framework/Versions/A/CFNetwork
0x0000000000941000 	/System/Library/Frameworks/SystemConfiguration.framework/Versions/A/SystemConfiguration
0x0000000000941000 	/usr/lib/libCRFSuite.dylib
0x0000000000941000 	/usr/lib/libc++.1.dylib
0x0000000000941000 	/usr/lib/libc++abi.dylib
0x0000000000941000 	/usr/lib/system/libcache.dylib
0x0000000000941000 	/usr/lib/system/libcommonCrypto.dylib
0x0000000000941000 	/usr/lib/system/libcompiler_rt.dylib
0x0000000000941000 	/usr/lib/system/libcopyfile.dylib
0x0000000000941000 	/usr/lib/system/libcorecrypto.dylib
0x0000000000941000 	/usr/lib/system/libdispatch.dylib
0x0000000000941000 	/usr/lib/system/libdyld.dylib
0x0000000000941000 	/usr/lib/system/libkeymgr.dylib
0x0000000000941000 	/usr/lib/system/liblaunch.dylib
0x0000000000941000 	/usr/lib/system/libmacho.dylib
0x0000000000941000 	/usr/lib/system/libquarantine.dylib
0x0000000000941000 	/usr/lib/system/libremovefile.dylib
0x0000000000941000 	/usr/lib/system/libsystem_asl.dylib
0x0000000000941000 	/usr/lib/system/libsystem_blocks.dylib
0x0000000000941000 	/usr/lib/system/libsystem_c.dylib
0x0000000000941000 	/usr/lib/system/libsystem_configuration.dylib
0x0000000000941000 	/usr/lib/system/libsystem_coreservices.dylib
0x0000000000941000 	/usr/lib/system/libsystem_coretls.dylib
0x0000000000941000 	/usr/lib/system/libsystem_dnssd.dylib
0x0000000000941000 	/usr/lib/system/libsystem_info.dylib
0x0000000000941000 	/usr/lib/system/libsystem_kernel.dylib
0x0000000000941000 	/usr/lib/system/libsystem_m.dylib
0x0000000000941000 	/usr/lib/system/libsystem_malloc.dylib
0x0000000000941000 	/usr/lib/system/libsystem_network.dylib
0x0000000000941000 	/usr/lib/system/libsystem_networkextension.dylib
0x0000000000941000 	/usr/lib/system/libsystem_notify.dylib
0x0000000000941000 	/usr/lib/system/libsystem_platform.dylib
0x0000000000941000 	/usr/lib/system/libsystem_pthread.dylib
0x0000000000941000 	/usr/lib/system/libsystem_sandbox.dylib
0x0000000000941000 	/usr/lib/system/libsystem_secinit.dylib
0x0000000000941000 	/usr/lib/system/libsystem_stats.dylib
0x0000000000941000 	/usr/lib/system/libsystem_trace.dylib
0x0000000000941000 	/usr/lib/system/libunc.dylib
0x0000000000941000 	/usr/lib/system/libunwind.dylib
0x0000000000941000 	/usr/lib/system/libxpc.dylib
0x0000000000941000 	/usr/lib/libbz2.1.0.dylib
0x0000000000941000 	/usr/lib/liblzma.5.dylib
0x0000000000941000 	/usr/lib/libbsm.0.dylib
0x0000000000941000 	/usr/lib/libsqlite3.dylib
0x0000000000941000 	/usr/lib/system/libkxld.dylib
0x0000000000941000 	/usr/lib/libxar.1.dylib
0x0000000000941000 	/usr/lib/libpam.2.dylib
0x0000000000941000 	/usr/lib/libOpenScriptingUtil.dylib
0x0000000000941000 	/System/Library/Frameworks/CoreServices.framework/Versions/A/Frameworks/FSEvents.framework/Versions/A/FSEvents
0x0000000000941000 	/System/Library/Frameworks/CoreServices.framework/Versions/A/Frameworks/CarbonCore.framework/Versions/A/CarbonCore
0x0000000000941000 	/System/Library/Frameworks/CoreServices.framework/Versions/A/Frameworks/Metadata.framework/Versions/A/Metadata
0x0000000000941000 	/System/Library/Frameworks/CoreServices.framework/Versions/A/Frameworks/OSServices.framework/Versions/A/OSServices
0x0000000000941000 	/System/Library/Frameworks/CoreServices.framework/Versions/A/Frameworks/SearchKit.framework/Versions/A/SearchKit
0x0000000000941000 	/System/Library/Frameworks/CoreServices.framework/Versions/A/Frameworks/AE.framework/Versions/A/AE
0x0000000000941000 	/System/Library/Frameworks/CoreServices.framework/Versions/A/Frameworks/LaunchServices.framework/Versions/A/LaunchServices
0x0000000000941000 	/System/Library/Frameworks/CoreServices.framework/Versions/A/Frameworks/DictionaryServices.framework/Versions/A/DictionaryServices
0x0000000000941000 	/System/Library/Frameworks/NetFS.framework/Versions/A/NetFS
0x0000000000941000 	/System/Library/PrivateFrameworks/NetAuth.framework/Versions/A/NetAuth
0x0000000000941000 	/System/Library/PrivateFrameworks/login.framework/Versions/A/Frameworks/loginsupport.framework/Versions/A/loginsupport
0x0000000000941000 	/System/Library/PrivateFrameworks/TCC.framework/Versions/A/TCC
0x0000000000941000 	/usr/lib/libmecabra.dylib
0x0000000000941000 	/System/Library/Frameworks/ApplicationServices.framework/Versions/A/Frameworks/ATS.framework/Versions/A/ATS
0x0000000000941000 	/System/Library/Frameworks/ApplicationServices.framework/Versions/A/Frameworks/ColorSync.framework/Versions/A/ColorSync
0x0000000000941000 	/System/Library/Frameworks/ApplicationServices.framework/Versions/A/Frameworks/HIServices.framework/Versions/A/HIServices
0x0000000000941000 	/System/Library/Frameworks/ApplicationServices.framework/Versions/A/Frameworks/LangAnalysis.framework/Versions/A/LangAnalysis
0x0000000000941000 	/System/Library/Frameworks/ApplicationServices.framework/Versions/A/Frameworks/PrintCore.framework/Versions/A/PrintCore
0x0000000000941000 	/System/Library/Frameworks/ApplicationServices.framework/Versions/A/Frameworks/QD.framework/Versions/A/QD
0x0000000000941000 	/System/Library/Frameworks/ApplicationServices.framework/Versions/A/Frameworks/SpeechSynthesis.framework/Versions/A/SpeechSynthesis
0x0000000000941000 	/System/Library/Frameworks/Accelerate.framework/Versions/A/Accelerate
0x0000000000941000 	/System/Library/Frameworks/Accelerate.framework/Versions/A/Frameworks/vImage.framework/Versions/A/vImage
0x0000000000941000 	/System/Library/Frameworks/Accelerate.framework/Versions/A/Frameworks/vecLib.framework/Versions/A/vecLib
0x0000000000941000 	/System/Library/Frameworks/Accelerate.framework/Versions/A/Frameworks/vecLib.framework/Versions/A/libvDSP.dylib
0x0000000000941000 	/System/Library/Frameworks/Accelerate.framework/Versions/A/Frameworks/vecLib.framework/Versions/A/libvMisc.dylib
0x0000000000941000 	/System/Library/Frameworks/Accelerate.framework/Versions/A/Frameworks/vecLib.framework/Versions/A/libLAPACK.dylib
0x0000000000941000 	/System/Library/Frameworks/Accelerate.framework/Versions/A/Frameworks/vecLib.framework/Versions/A/libBLAS.dylib
0x0000000000941000 	/System/Library/Frameworks/Accelerate.framework/Versions/A/Frameworks/vecLib.framework/Versions/A/libLinearAlgebra.dylib
0x0000000000941000 	/System/Library/Frameworks/ApplicationServices.framework/Versions/A/Frameworks/ATS.framework/Versions/A/Resources/libFontParser.dylib
0x0000000000941000 	/System/Library/Frameworks/ApplicationServices.framework/Versions/A/Frameworks/ATS.framework/Versions/A/Resources/libFontRegistry.dylib
0x0000000000941000 	/System/Library/PrivateFrameworks/AppleVPA.framework/Versions/A/AppleVPA
0x0000000000941000 	/System/Library/PrivateFrameworks/AppleJPEG.framework/Versions/A/AppleJPEG
0x0000000000941000 	/System/Library/Frameworks/ImageIO.framework/Versions/A/Resources/libJPEG.dylib
0x0000000000941000 	/System/Library/Frameworks/ImageIO.framework/Versions/A/Resources/libTIFF.dylib
0x0000000000941000 	/System/Library/Frameworks/ImageIO.framework/Versions/A/Resources/libPng.dylib
0x0000000000941000 	/System/Library/Frameworks/ImageIO.framework/Versions/A/Resources/libGIF.dylib
0x0000000000941000 	/System/Library/Frameworks/ImageIO.framework/Versions/A/Resources/libJP2.dylib
0x0000000000941000 	/System/Library/Frameworks/ImageIO.framework/Versions/A/Resources/libRadiance.dylib
0x0000000000941000 	/System/Library/Frameworks/CoreVideo.framework/Versions/A/CoreVideo
0x0000000000941000 	/System/Library/Frameworks/OpenGL.framework/Versions/A/Libraries/libGLU.dylib
0x0000000000941000 	/System/Library/Frameworks/OpenGL.framework/Versions/A/Libraries/libGFXShared.dylib
0x0000000000941000 	/System/Library/Frameworks/OpenGL.framework/Versions/A/Libraries/libGL.dylib
0x0000000000941000 	/System/Library/Frameworks/OpenGL.framework/Versions/A/Libraries/libGLImage.dylib
0x0000000000941000 	/System/Library/Frameworks/OpenGL.framework/Versions/A/Libraries/libCVMSPluginSupport.dylib
0x0000000000941000 	/System/Library/Frameworks/OpenGL.framework/Versions/A/Libraries/libCoreVMClient.dylib
0x0000000000941000 	/usr/lib/libcups.2.dylib
0x0000000000941000 	/System/Library/Frameworks/Kerberos.framework/Versions/A/Kerberos
0x0000000000941000 	/System/Library/Frameworks/GSS.framework/Versions/A/GSS
0x0000000000941000 	/usr/lib/libresolv.9.dylib
0x0000000000941000 	/usr/lib/libiconv.2.dylib
0x0000000000941000 	/System/Library/PrivateFrameworks/Heimdal.framework/Versions/A/Heimdal
0x0000000000941000 	/usr/lib/libheimdal-asn1.dylib
0x0000000000941000 	/System/Library/Frameworks/OpenDirectory.framework/Versions/A/OpenDirectory
0x0000000000941000 	/System/Library/PrivateFrameworks/CommonAuth.framework/Versions/A/CommonAuth
0x0000000000941000 	/System/Library/Frameworks/OpenDirectory.framework/Versions/A/Frameworks/CFOpenDirectory.framework/Versions/A/CFOpenDirectory
0x0000000000941000 	/System/Library/Frameworks/SecurityFoundation.framework/Versions/A/SecurityFoundation
0x0000000000941000 	/System/Library/PrivateFrameworks/LanguageModeling.framework/Versions/A/LanguageModeling
0x0000000000941000 	/usr/lib/libcmph.dylib
0x0000000000941000 	/System/Library/Frameworks/ServiceManagement.framework/Versions/A/ServiceManagement
0x0000000000941000 	/usr/lib/libxslt.1.dylib
0x0000000000941000 	/System/Library/Frameworks/Carbon.framework/Versions/A/Frameworks/Ink.framework/Versions/A/Ink
0x0000000000941000 	/System/Library/Frameworks/QuartzCore.framework/Versions/A/Frameworks/CoreImage.framework/Versions/A/CoreImage
0x0000000000941000 	/System/Library/PrivateFrameworks/CrashReporterSupport.framework/Versions/A/CrashReporterSupport
0x0000000000941000 	/System/Library/Frameworks/OpenCL.framework/Versions/A/OpenCL
0x0000000000941000 	/System/Library/PrivateFrameworks/FaceCore.framework/Versions/A/FaceCore
0x0000000000941000 	/System/Library/PrivateFrameworks/Ubiquity.framework/Versions/A/Ubiquity
0x0000000000941000 	/System/Library/PrivateFrameworks/IconServices.framework/Versions/A/IconServices
0x0000000000941000 	/System/Library/PrivateFrameworks/ChunkingLibrary.framework/Versions/A/ChunkingLibrary
0x0000000000941000 	/System/Library/PrivateFrameworks/Apple80211.framework/Versions/A/Apple80211
0x0000000000941000 	/System/Library/Frameworks/CoreWLAN.framework/Versions/A/CoreWLAN
0x0000000000941000 	/System/Library/Frameworks/IOBluetooth.framework/Versions/A/IOBluetooth
0x0000000000941000 	/System/Library/PrivateFrameworks/CoreWiFi.framework/Versions/A/CoreWiFi
0x0000000000941000 	/System/Library/Frameworks/CoreBluetooth.framework/Versions/A/CoreBluetooth
0x0000000000941000 	/System/Library/PrivateFrameworks/DebugSymbols.framework/Versions/A/DebugSymbols
0x0000000000941000 	/System/Library/PrivateFrameworks/CoreSymbolication.framework/Versions/A/CoreSymbolication
0x0000000000941000 	/System/Library/PrivateFrameworks/Symbolication.framework/Versions/A/Symbolication
0x0000000000941000 	/System/Library/PrivateFrameworks/SpeechRecognitionCore.framework/Versions/A/SpeechRecognitionCore
0x0000000104f1e000 	/Library/Java/JavaVirtualMachines/jdk1.7.0_71.jdk/Contents/Home/jre/lib/server/libjvm.dylib
0x0000000000941000 	/usr/lib/libstdc++.6.dylib
0x0000000105a81000 	/Library/Java/JavaVirtualMachines/jdk1.7.0_71.jdk/Contents/Home/jre/lib/libverify.dylib
0x0000000105a8e000 	/Library/Java/JavaVirtualMachines/jdk1.7.0_71.jdk/Contents/Home/jre/lib/libjava.dylib
0x0000000105ac8000 	/Library/Java/JavaVirtualMachines/jdk1.7.0_71.jdk/Contents/Home/jre/lib/libzip.dylib
0x00000001933d2000 	/System/Library/Frameworks/JavaVM.framework/Frameworks/JavaRuntimeSupport.framework/JavaRuntimeSupport
0x00000001933e8000 	/System/Library/Frameworks/JavaVM.framework/Versions/A/Frameworks/JavaNativeFoundation.framework/Versions/A/JavaNativeFoundation
0x0000000194e09000 	/System/Library/Frameworks/JavaVM.framework/Versions/A/JavaVM
0x0000000000941000 	/System/Library/Frameworks/Carbon.framework/Versions/A/Carbon
0x0000000194e15000 	/System/Library/PrivateFrameworks/JavaLaunching.framework/Versions/A/JavaLaunching
0x0000000000941000 	/System/Library/Frameworks/Carbon.framework/Versions/A/Frameworks/CommonPanels.framework/Versions/A/CommonPanels
0x0000000000941000 	/System/Library/Frameworks/Carbon.framework/Versions/A/Frameworks/Help.framework/Versions/A/Help
0x0000000000941000 	/System/Library/Frameworks/Carbon.framework/Versions/A/Frameworks/ImageCapture.framework/Versions/A/ImageCapture
0x0000000000941000 	/System/Library/Frameworks/Carbon.framework/Versions/A/Frameworks/OpenScripting.framework/Versions/A/OpenScripting
0x0000000000941000 	/System/Library/Frameworks/Carbon.framework/Versions/A/Frameworks/Print.framework/Versions/A/Print
0x0000000000941000 	/System/Library/Frameworks/Carbon.framework/Versions/A/Frameworks/SecurityHI.framework/Versions/A/SecurityHI
0x0000000196f49000 	/Applications/IntelliJ IDEA 14.app/Contents/bin/libbreakgen64.jnilib
0x000000019704f000 	/Library/Java/JavaVirtualMachines/jdk1.7.0_71.jdk/Contents/Home/jre/lib/libnet.dylib
0x0000000197562000 	/Library/Java/JavaVirtualMachines/jdk1.7.0_71.jdk/Contents/Home/jre/lib/libnio.dylib

VM Arguments:
jvm_args: -Didea.launcher.port=7534 -Didea.launcher.bin.path=/Applications/IntelliJ IDEA 14.app/Contents/bin -Dfile.encoding=UTF-8 
java_command: com.intellij.rt.execution.application.AppMain com.totalinlink.dsl.poi.TestSupport
Launcher Type: SUN_STANDARD

Environment Variables:
PATH=/usr/bin:/bin:/usr/sbin:/sbin
SHELL=/bin/bash

Signal Handlers:
SIGSEGV: [libjvm.dylib+0x52c49d], sa_mask[0]=0xfffefeff, sa_flags=0x00000043
SIGBUS: [libjvm.dylib+0x52c49d], sa_mask[0]=0xfffefeff, sa_flags=0x00000042
SIGFPE: [libjvm.dylib+0x41e53a], sa_mask[0]=0xfffefeff, sa_flags=0x00000042
SIGPIPE: [libjvm.dylib+0x41e53a], sa_mask[0]=0xfffefeff, sa_flags=0x00000042
SIGXFSZ: [libjvm.dylib+0x41e53a], sa_mask[0]=0xfffefeff, sa_flags=0x00000042
SIGILL: [libjvm.dylib+0x41e53a], sa_mask[0]=0xfffefeff, sa_flags=0x00000042
SIGUSR1: SIG_DFL, sa_mask[0]=0x00000000, sa_flags=0x00000000
SIGUSR2: [libjvm.dylib+0x41e02c], sa_mask[0]=0x00000004, sa_flags=0x00000042
SIGHUP: [libjvm.dylib+0x41c2bd], sa_mask[0]=0xfffefeff, sa_flags=0x00000042
SIGINT: [libjvm.dylib+0x41c2bd], sa_mask[0]=0xfffefeff, sa_flags=0x00000042
SIGTERM: [libjvm.dylib+0x41c2bd], sa_mask[0]=0xfffefeff, sa_flags=0x00000042
SIGQUIT: [libjvm.dylib+0x41c2bd], sa_mask[0]=0xfffefeff, sa_flags=0x00000042


---------------  S Y S T E M  ---------------

OS:Bsduname:Darwin 14.3.0 Darwin Kernel Version 14.3.0: Mon Mar 23 11:59:05 PDT 2015; root:xnu-2782.20.48~5/RELEASE_X86_64 x86_64
rlimit: STACK 8192k, CORE 0k, NPROC 709, NOFILE 10240, AS infinity
load average:3.11 3.51 3.37

CPU:total 4 (2 cores per cpu, 2 threads per core) family 6 model 69 stepping 1, cmov, cx8, fxsr, mmx, sse, sse2, sse3, ssse3, sse4.1, sse4.2, popcnt, avx, avx2, aes, erms, ht, tsc, tscinvbit

Memory: 4k page, physical 8388608k(2097152k free)

/proc/meminfo:


vm_info: Java HotSpot(TM) 64-Bit Server VM (24.71-b01) for bsd-amd64 JRE (1.7.0_71-b14), built on Sep 26 2014 16:11:44 by "java_re" with gcc 4.2.1 (Based on Apple Inc. build 5658) (LLVM build 2336.11.00)

time: Sat May 30 22:31:40 2015
elapsed time: 2 seconds

